11:06:04 [AWT-EventQueue-0] INFO  FominaKat.Chat.Server.Server - Сервер запущен
11:06:07 [AWT-EventQueue-0] INFO  FominaKat.Chat.Server.Server - клиент 'Petr' - подключен
11:06:07 [AWT-EventQueue-0] ERROR FominaKat.Chat.Server.Server - не удалось восстановить историю сообщений: history.txt (Не удается найти указанный файл)
11:06:07 [AWT-EventQueue-0] INFO  FominaKat.Chat.Server.Server - клиент 'Bob Cat' - подключен
11:06:10 [AWT-EventQueue-0] INFO  FominaKat.Chat.Server.Server - все пользователи отключены
11:06:10 [AWT-EventQueue-0] INFO  FominaKat.Chat.Server.Server - Сервер остановлен
11:06:11 [AWT-EventQueue-0] INFO  FominaKat.Chat.Server.Server - Сервер запущен
11:06:12 [AWT-EventQueue-0] INFO  FominaKat.Chat.Server.Server - клиент 'Petr' - подключен
11:06:13 [AWT-EventQueue-0] INFO  FominaKat.Chat.Server.Server - клиент 'Bob Cat' - подключен
11:06:14 [AWT-EventQueue-0] INFO  FominaKat.Chat.Server.Server - все пользователи отключены
11:06:14 [AWT-EventQueue-0] INFO  FominaKat.Chat.Server.Server - Сервер остановлен
11:06:15 [AWT-EventQueue-0] INFO  FominaKat.Chat.Server.Server - файл history - удален
11:08:05 [AWT-EventQueue-0] INFO  FominaKat.Chat.Server.Server - Сервер запущен
11:08:07 [AWT-EventQueue-0] INFO  FominaKat.Chat.Server.Server - клиент 'Petr' - подключен
11:08:07 [AWT-EventQueue-0] ERROR FominaKat.Chat.Server.Server - не удалось восстановить историю сообщений: history.txt (Не удается найти указанный файл)
11:08:19 [AWT-EventQueue-0] INFO  FominaKat.Chat.Server.Server - клиент 'Bob Cat' - подключен
11:08:27 [AWT-EventQueue-0] INFO  FominaKat.Chat.Server.Server - файл history - удален
11:44:05 [AWT-EventQueue-0] INFO  FominaKat.Chat.Server.Server - Сервер запущен
11:44:07 [AWT-EventQueue-0] INFO  FominaKat.Chat.Server.Server - клиент 'Bob Cat' - подключен
11:44:07 [AWT-EventQueue-0] ERROR FominaKat.Chat.Server.Server - не удалось восстановить историю сообщений: history.txt (Не удается найти указанный файл)
11:44:11 [AWT-EventQueue-0] INFO  FominaKat.Chat.Server.Server - клиент 'Petr' - подключен
11:44:14 [AWT-EventQueue-0] INFO  FominaKat.Chat.Server.Server - все пользователи отключены
11:44:14 [AWT-EventQueue-0] INFO  FominaKat.Chat.Server.Server - Сервер остановлен
11:44:16 [AWT-EventQueue-0] INFO  FominaKat.Chat.Server.Server - Сервер запущен
11:44:16 [AWT-EventQueue-0] INFO  FominaKat.Chat.Server.Server - клиент 'Petr' - подключен
11:44:19 [AWT-EventQueue-0] INFO  FominaKat.Chat.Server.Server - клиент 'Bob Cat' - подключен
11:44:26 [AWT-EventQueue-0] INFO  FominaKat.Chat.Server.Server - все пользователи отключены
11:44:26 [AWT-EventQueue-0] INFO  FominaKat.Chat.Server.Server - файл history - удален
11:58:02 [AWT-EventQueue-0] INFO  FominaKat.Chat.Server.Server - Сервер запущен
11:58:04 [AWT-EventQueue-0] INFO  FominaKat.Chat.Server.Server - клиент 'Bob Cat' - подключен
11:58:04 [AWT-EventQueue-0] ERROR FominaKat.Chat.Server.Server - не удалось восстановить историю сообщений: history.txt (Не удается найти указанный файл)
11:58:07 [AWT-EventQueue-0] INFO  FominaKat.Chat.Server.Server - клиент 'Petr' - подключен
11:58:08 [AWT-EventQueue-0] INFO  FominaKat.Chat.Server.Server - все пользователи отключены
11:58:08 [AWT-EventQueue-0] INFO  FominaKat.Chat.Server.Server - Сервер остановлен
11:58:10 [AWT-EventQueue-0] INFO  FominaKat.Chat.Server.Server - Сервер запущен
11:58:11 [AWT-EventQueue-0] INFO  FominaKat.Chat.Server.Server - клиент 'Petr' - подключен
11:58:16 [AWT-EventQueue-0] INFO  FominaKat.Chat.Server.Server - клиент 'Bob Cat' - подключен
11:58:26 [AWT-EventQueue-0] INFO  FominaKat.Chat.Server.Server - все пользователи отключены
11:58:26 [AWT-EventQueue-0] INFO  FominaKat.Chat.Server.Server - Сервер остановлен
11:58:27 [AWT-EventQueue-0] INFO  FominaKat.Chat.Server.Server - Сервер запущен
11:58:27 [AWT-EventQueue-0] INFO  FominaKat.Chat.Server.Server - все пользователи отключены
11:58:27 [AWT-EventQueue-0] INFO  FominaKat.Chat.Server.Server - Сервер остановлен
11:58:28 [AWT-EventQueue-0] INFO  FominaKat.Chat.Server.Server - Сервер запущен
11:58:28 [AWT-EventQueue-0] INFO  FominaKat.Chat.Server.Server - все пользователи отключены
11:58:28 [AWT-EventQueue-0] INFO  FominaKat.Chat.Server.Server - Сервер остановлен
11:58:29 [AWT-EventQueue-0] INFO  FominaKat.Chat.Server.Server - Сервер запущен
11:58:30 [AWT-EventQueue-0] INFO  FominaKat.Chat.Server.Server - все пользователи отключены
11:58:30 [AWT-EventQueue-0] INFO  FominaKat.Chat.Server.Server - Сервер остановлен
11:58:31 [AWT-EventQueue-0] INFO  FominaKat.Chat.Server.Server - Сервер запущен
11:58:37 [AWT-EventQueue-0] INFO  FominaKat.Chat.Server.Server - все пользователи отключены
11:58:37 [AWT-EventQueue-0] INFO  FominaKat.Chat.Server.Server - файл history - удален
13:38:00 [AWT-EventQueue-0] INFO  FominaKat.Chat.Server.Server - Сервер запущен
13:38:01 [AWT-EventQueue-0] INFO  FominaKat.Chat.Server.Server - клиент 'Petr' - подключен
13:38:01 [AWT-EventQueue-0] ERROR FominaKat.Chat.Server.Server - не удалось восстановить историю сообщений: history.txt (Не удается найти указанный файл)
13:38:02 [AWT-EventQueue-0] INFO  FominaKat.Chat.Server.Server - клиент 'Bob Cat' - подключен
13:38:03 [AWT-EventQueue-0] INFO  FominaKat.Chat.Server.Server - все пользователи отключены
13:38:03 [AWT-EventQueue-0] INFO  FominaKat.Chat.Server.Server - Сервер остановлен
13:38:12 [AWT-EventQueue-0] INFO  FominaKat.Chat.Server.Server - Сервер запущен
13:38:13 [AWT-EventQueue-0] INFO  FominaKat.Chat.Server.Server - клиент 'Petr' - подключен
13:38:16 [AWT-EventQueue-0] INFO  FominaKat.Chat.Server.Server - клиент 'Bob Cat' - подключен
13:38:18 [AWT-EventQueue-0] INFO  FominaKat.Chat.Server.Server - все пользователи отключены
13:38:18 [AWT-EventQueue-0] INFO  FominaKat.Chat.Server.Server - Сервер остановлен
13:38:19 [AWT-EventQueue-0] INFO  FominaKat.Chat.Server.Server - все пользователи отключены
13:38:19 [AWT-EventQueue-0] INFO  FominaKat.Chat.Server.Server - файл history - удален
13:40:51 [AWT-EventQueue-0] INFO  FominaKat.Chat.Server.Server - Сервер запущен
13:40:53 [AWT-EventQueue-0] INFO  FominaKat.Chat.Server.Server - клиент 'Petr' - подключен
13:40:53 [AWT-EventQueue-0] ERROR FominaKat.Chat.Server.Server - не удалось восстановить историю сообщений: history.txt (Не удается найти указанный файл)
13:40:54 [AWT-EventQueue-0] INFO  FominaKat.Chat.Server.Server - клиент 'Bob Cat' - подключен
13:40:59 [AWT-EventQueue-0] INFO  FominaKat.Chat.Server.Server - все пользователи отключены
13:40:59 [AWT-EventQueue-0] INFO  FominaKat.Chat.Server.Server - Сервер остановлен
13:41:02 [AWT-EventQueue-0] INFO  FominaKat.Chat.Server.Server - Сервер запущен
13:41:03 [AWT-EventQueue-0] INFO  FominaKat.Chat.Server.Server - клиент 'Petr' - подключен
13:41:08 [AWT-EventQueue-0] INFO  FominaKat.Chat.Server.Server - клиент 'Bob Cat' - подключен
13:41:12 [AWT-EventQueue-0] INFO  FominaKat.Chat.Server.Server - все пользователи отключены
13:41:12 [AWT-EventQueue-0] INFO  FominaKat.Chat.Server.Server - файл history - удален
22:17:30 [Thread-2] INFO  Dinner - Thinker 2 - взял вилку(1, 3) - (1 -й раз)
22:17:30 [Thread-1] INFO  Dinner - Thinker 1 - взял вилку(0, 2) - (1 -й раз)
22:17:31 [Thread-0] INFO  Dinner - Thinker 0 - взял вилку(4, 1) - (1 -й раз)
22:17:31 [Thread-4] INFO  Dinner - Thinker 4 - взял вилку(3, 0) - (1 -й раз)
22:17:31 [Thread-2] INFO  Dinner - Thinker 2 - взял вилку(1, 3) - (2 -й раз)
22:17:31 [Thread-3] INFO  Dinner - Thinker 3 - взял вилку(2, 4) - (1 -й раз)
22:17:32 [Thread-3] INFO  Dinner - Thinker 3 - взял вилку(2, 4) - (2 -й раз)
22:17:32 [Thread-4] INFO  Dinner - Thinker 4 - взял вилку(3, 0) - (2 -й раз)
22:17:32 [Thread-1] INFO  Dinner - Thinker 1 - взял вилку(0, 2) - (2 -й раз)
22:17:32 [Thread-0] INFO  Dinner - Thinker 0 - взял вилку(4, 1) - (2 -й раз)
22:17:32 [Thread-3] INFO  Dinner - Thinker 3 - взял вилку(2, 4) - (3 -й раз)
22:17:33 [Thread-4] INFO  Dinner - Thinker 4 - взял вилку(3, 0) - (3 -й раз)
22:17:33 [Thread-1] INFO  Dinner - Thinker 1 - взял вилку(0, 2) - (3 -й раз)
22:17:33 [Thread-0] INFO  Dinner - Thinker 0 - взял вилку(4, 1) - (3 -й раз)
22:17:34 [Thread-2] INFO  Dinner - Thinker 2 - взял вилку(1, 3) - (3 -й раз)
